<?xml version="1.0" encoding="UTF-8"?>
<!-- Generated by org.testng.reporters.JUnitXMLReporter -->
<testsuite ignored="0" hostname="LAPTOP-HVSP6FHG" failures="1" tests="3" name="Test" time="47.849" errors="0" timestamp="2022-10-13T08:43:42 IST">
  <testcase classname="Com.OrangeHRM.TestCases.HomePageTest" name="Employename" time="14.404"/>
  <testcase classname="Com.OrangeHRM.TestCases.LoginPageTest" name="orangehrmtiltle" time="9.766"/>
  <testcase classname="Com.OrangeHRM.TestCases.LoginPageTest" name="orangeuserandpassword" time="9.695">
    <failure type="java.lang.AssertionError" message="expected [true] but found [false]">
      <![CDATA[java.lang.AssertionError: expected [true] but found [false]
at Com.OrangeHRM.TestCases.LoginPageTest.orangeuserandpassword(LoginPageTest.java:30)
at java.base/java.util.ArrayList.forEach(ArrayList.java:1511)
... Removed 31 stack frames]]>
    </failure>
  </testcase> <!-- orangeuserandpassword -->
</testsuite> <!-- Test -->
